<?xml version="1.0" encoding="UTF-8"?>
<testsuites>
   <testsuite name="JUnitXmlReporter" errors="0" tests="0" failures="0" time="0" timestamp="2019-05-24T10:23:58" />
   <testsuite name="JUnitXmlReporter.constructor" errors="0" skipped="0" tests="24" failures="0" time="0.006" timestamp="2019-05-24T10:23:58">
      <properties>
         <property name="java.vendor" value="Sun Microsystems Inc." />
         <property name="compiler.debug" value="on" />
         <property name="project.jdk.classpath" value="jdk.classpath.1.6" />
      </properties>
      <testcase classname="JUnitXmlReporter.constructor" name="JavaBankingApplicationTimeConstraintTest" time="0.006">
      </testcase>
      <testcase classname="JUnitXmlReporter.constructor" name="JavaBankingApplicationFieldNameTest" time="0">
      </testcase>
      <testcase classname="JUnitXmlReporter.constructor" name="JavaBankingApplicationNullValueTest" time="0" />
      <testcase classname="JUnitXmlReporter.constructor" name="JavaBankingApplicationEmptyStringTest" time="0.006">
      </testcase>
      <testcase classname="JUnitXmlReporter.constructor" name="JavaBankingApplicationApiTest" time="0.006">
      </testcase>
      <testcase classname="JUnitXmlReporter.constructor" name="JavaBankingApplicationConsumerTest" time="0.006">
      </testcase>
      <testcase classname="JUnitXmlReporter.constructor" name="JavaBankingApplicationAccountantTest" time="0.006">
      </testcase>
      <testcase classname="JUnitXmlReporter.constructor" name="JavaBankingApplicationInvestorTest" time="0.006">
      </testcase>
      <testcase classname="JUnitXmlReporter.constructor" name="JavaBankingApplicationLoanTest" time="0.006">
      </testcase>
      <testcase classname="JUnitXmlReporter.constructor" name="JavaBankingApplicationConcatenationTest" time="0.006">
      </testcase>
      <testcase classname="JUnitXmlReporter.constructor" name="JavaBankingApplicationReplaceFileTest" time="0.006">
      </testcase>
      <testcase classname="JUnitXmlReporter.constructor" name="JavaBankingApplicationUploadReturnsTest" time="0.006">
      </testcase>
      <testcase classname="JUnitXmlReporter.constructor" name="JavaBankingApplicationDownloadCSVTest" time="0.006">
      </testcase>
      <testcase classname="JUnitXmlReporter.constructor" name="JavaBankingApplicationExitAppTest" time="0.006">
      </testcase>
      <testcase classname="JUnitXmlReporter.constructor" name="JavaBankingApplicationRemoveUserTest" time="0.006">
      </testcase>
      <testcase classname="JUnitXmlReporter.constructor" name="JavaBankingApplicationIterateBlockTest" time="0.005">
      </testcase>
      <testcase classname="JUnitXmlReporter.constructor" name="JavaBankingIntegrationAPITest" time="0.010">
      </testcase>
      <testcase classname="JUnitXmlReporter.constructor" name="JavaBankingExpectPassUnitTest" time="0.010">
      </testcase>
      <testcase classname="JUnitXmlReporter.constructor" name="JavaBankingExpectFailUnitTest" time="0.010">
      </testcase>
      <testcase classname="JUnitXmlReporter.constructor" name="JavaBankingExpectServerExhaustedResponseUnitTest" time="0.050">
      </testcase>
      <testcase classname="JUnitXmlReporter.constructor" name="JavaBankingExpectSuccessfulResponseUnitTest" time="0.050">
      </testcase>
      <testcase classname="JUnitXmlReporter.constructor" name="JavaBankingExpectFailedResponseUnitTest" time="0.050">
      </testcase>
      <testcase classname="JUnitXmlReporter.constructor" name="JavaBankingFactoryChaosResponseUnitTest" time="0.060">
      </testcase>
      <testcase classname="JUnitXmlReporter.constructor" name="JavaBankingCheckSuccessUnitTest" time="0.060">
      </testcase>
   </testsuite>
</testsuites>
