<?xml version="1.0" encoding="UTF-8"?>
<testsuites>
   <testsuite name="JUnitXmlReporter" errors="0" tests="0" failures="0" time="0" timestamp="2013-05-24T10:23:58" />
   <testsuite name="JUnitXmlReporter.constructor" errors="0" skipped="0" tests="11" failures="0" time="0.006" timestamp="2013-05-24T10:23:58">
      <properties>
         <property name="java.vendor" value="Sun Microsystems Inc." />
         <property name="compiler.debug" value="on" />
         <property name="project.jdk.classpath" value="jdk.classpath.1.6" />
      </properties>
      <testcase classname="JUnitXmlReporter.constructor" name="testWithdrawFunds_expectSuccess" time="0.006">
      </testcase>
      <testcase classname="JUnitXmlReporter.constructor" name="testWithdrawFunds_expectFailure" time="0">
      </testcase>
      <testcase classname="JUnitXmlReporter.constructor" name="testAutoPayment_expectSuccess" time="0">
      </testcase>
      <testcase classname="JUnitXmlReporter.constructor" name="testAutoPayment_expectFailure" time="0.006">
      </testcase>   
      <testcase classname="JUnitXmlReporter.constructor" name="testRecycledLoan_expectSuccess" time="0.006">
      </testcase>
      <testcase classname="JUnitXmlReporter.constructor" name="testServiceVirtualization_expectFailure" time="0.006">
      </testcase>
      <testcase classname="JUnitXmlReporter.constructor" name="testCustomerRequestSubmission_expectSuccess" time="0.006">
      </testcase>
      <testcase classname="JUnitXmlReporter.constructor" name="testCustomerRequestSubmission_expectFailure" time="0.006">
      </testcase>
      <testcase classname="JUnitXmlReporter.constructor" name="testCustomerRatingSubmission_expectSuccess" time="0.006">
      </testcase>
      <testcase classname="JUnitXmlReporter.constructor" name="testCustomerRatingSubmission_expectFailure" time="0.006">
      </testcase>
      <testcase classname="JUnitXmlReporter.constructor" name="testDemoQuality_expectFailure" time="0.006">
      </testcase>
</testsuite>
</testsuites>
